mode: set
tech-challenge-auth/internal/repositories/repository.go:31.21,33.16 2 0
tech-challenge-auth/internal/repositories/repository.go:33.16,35.3 1 0
tech-challenge-auth/internal/repositories/repository.go:37.2,37.11 1 0
tech-challenge-auth/internal/repositories/repository.go:49.47,51.2 1 1
tech-challenge-auth/internal/repositories/repository.go:53.102,58.16 2 1
tech-challenge-auth/internal/repositories/repository.go:58.16,60.3 1 1
tech-challenge-auth/internal/repositories/repository.go:61.2,64.17 3 1
tech-challenge-auth/internal/repositories/repository.go:64.17,71.17 1 1
tech-challenge-auth/internal/repositories/repository.go:71.17,73.4 1 1
tech-challenge-auth/internal/repositories/repository.go:74.3,74.20 1 1
tech-challenge-auth/internal/repositories/repository.go:77.2,77.27 1 1
tech-challenge-auth/internal/repositories/repository.go:80.90,84.16 3 1
tech-challenge-auth/internal/repositories/repository.go:84.16,86.3 1 1
tech-challenge-auth/internal/repositories/repository.go:87.2,87.12 1 1
tech-challenge-auth/internal/channels/rest/mapping.go:5.54,10.2 1 1
tech-challenge-auth/internal/channels/rest/rest.go:29.53,33.2 1 1
tech-challenge-auth/internal/channels/rest/rest.go:35.46,38.2 2 1
tech-challenge-auth/internal/channels/rest/rest.go:40.31,51.2 6 1
tech-challenge-auth/internal/channels/rest/rest.go:53.45,56.43 2 1
tech-challenge-auth/internal/channels/rest/rest.go:56.43,60.3 1 1
tech-challenge-auth/internal/channels/rest/rest.go:62.2,63.16 2 1
tech-challenge-auth/internal/channels/rest/rest.go:63.16,65.3 1 1
tech-challenge-auth/internal/channels/rest/rest.go:67.2,69.4 1 1
tech-challenge-auth/internal/channels/rest/rest.go:72.46,77.2 2 1
tech-challenge-auth/internal/service/service.go:25.70,29.2 1 1
tech-challenge-auth/internal/service/service.go:31.89,33.16 2 1
tech-challenge-auth/internal/service/service.go:33.16,37.3 3 1
tech-challenge-auth/internal/service/service.go:39.2,39.80 1 1
tech-challenge-auth/internal/service/service.go:39.80,43.3 3 1
tech-challenge-auth/internal/service/service.go:45.2,50.17 1 1
tech-challenge-auth/internal/service/service.go:50.17,54.3 3 1
tech-challenge-auth/internal/service/service.go:56.2,58.19 2 1
tech-challenge-auth/internal/service/service.go:61.66,63.2 1 1
